#-----------------------------------------------------------
# Webtalk v2017.4 (64-bit)
# SW Build 2086221 on Fri Dec 15 20:55:39 MST 2017
# 
# Start of session at: Mon Nov 18 00:54:05 2024
# Process ID: 11384
# Current directory: V:/viv_wd/Edge_d_IPS/Edge_d_IPS.sdk/webtalk
# Command line: wbtcv.exe -mode batch -source sdk_webtalk.tcl
# Log file: V:/viv_wd/Edge_d_IPS/Edge_d_IPS.sdk/webtalk/webtalk.log
# Journal file: V:/viv_wd/Edge_d_IPS/Edge_d_IPS.sdk/webtalk\webtalk.jou
#-----------------------------------------------------------
source sdk_webtalk.tcl
# webtalk_init -webtalk_dir V:\\viv_wd\\Edge_d_IPS\\Edge_d_IPS.sdk\\webtalk
# webtalk_register_client -client project
# webtalk_add_data -client project -key date_generated -value "2024-11-18 00:54:04" -context "software_version_and_target_device"
# webtalk_add_data -client project -key product_version -value "SDK v2017.4" -context "software_version_and_target_device"
# webtalk_add_data -client project -key build_version -value "2017.4" -context "software_version_and_target_device"
# webtalk_add_data -client project -key os_platform -value "amd64" -context "software_version_and_target_device"
# webtalk_add_data -client project -key registration_id -value "" -context "software_version_and_target_device"
# webtalk_add_data -client project -key tool_flow -value "SDK" -context "software_version_and_target_device"
# webtalk_add_data -client project -key beta -value "false" -context "software_version_and_target_device"
# webtalk_add_data -client project -key route_design -value "NA" -context "software_version_and_target_device"
# webtalk_add_data -client project -key target_family -value "NA" -context "software_version_and_target_device"
# webtalk_add_data -client project -key target_device -value "NA" -context "software_version_and_target_device"
# webtalk_add_data -client project -key target_package -value "NA" -context "software_version_and_target_device"
# webtalk_add_data -client project -key target_speed -value "NA" -context "software_version_and_target_device"
# webtalk_add_data -client project -key random_id -value "elk0as5vj319nqno0lt0psu10s" -context "software_version_and_target_device"
# webtalk_add_data -client project -key project_id -value "2017.4_6" -context "software_version_and_target_device"
# webtalk_add_data -client project -key project_iteration -value "6" -context "software_version_and_target_device"
# webtalk_add_data -client project -key os_name -value "Microsoft Windows 8 or later , 64-bit" -context "user_environment"
# webtalk_add_data -client project -key os_release -value "major release  (build 9200)" -context "user_environment"
# webtalk_add_data -client project -key cpu_name -value "12th Gen Intel(R) Core(TM) i5-12500H" -context "user_environment"
# webtalk_add_data -client project -key cpu_speed -value "3110 MHz" -context "user_environment"
# webtalk_add_data -client project -key total_processors -value "1" -context "user_environment"
# webtalk_add_data -client project -key system_ram -value "16.785 GB" -context "user_environment"
# webtalk_register_client -client sdk
# webtalk_add_data -client sdk -key uid -value "1731869117786" -context "sdk\\\\hardware/1731869117786"
# webtalk_add_data -client sdk -key isZynq -value "true" -context "sdk\\\\hardware/1731869117786"
# webtalk_add_data -client sdk -key isZynqMP -value "false" -context "sdk\\\\hardware/1731869117786"
# webtalk_add_data -client sdk -key Processors -value "2" -context "sdk\\\\hardware/1731869117786"
# webtalk_add_data -client sdk -key VivadoVersion -value "2017.4" -context "sdk\\\\hardware/1731869117786"
# webtalk_add_data -client sdk -key Arch -value "zynq" -context "sdk\\\\hardware/1731869117786"
# webtalk_add_data -client sdk -key Device -value "7z020" -context "sdk\\\\hardware/1731869117786"
# webtalk_add_data -client sdk -key IsHandoff -value "true" -context "sdk\\\\hardware/1731869117786"
# webtalk_add_data -client sdk -key os -value "NA" -context "sdk\\\\hardware/1731869117786"
# webtalk_add_data -client sdk -key apptemplate -value "NA" -context "sdk\\\\hardware/1731869117786"
# webtalk_add_data -client sdk -key RecordType -value "HWCreation" -context "sdk\\\\hardware/1731869117786"
# webtalk_add_data -client sdk -key uid -value "1731869283603" -context "sdk\\\\bsp/1731869283603"
# webtalk_add_data -client sdk -key hwid -value "1731869117786" -context "sdk\\\\bsp/1731869283603"
# webtalk_add_data -client sdk -key os -value "standalone" -context "sdk\\\\bsp/1731869283603"
# webtalk_add_data -client sdk -key apptemplate -value "empty_application" -context "sdk\\\\bsp/1731869283603"
# webtalk_add_data -client sdk -key RecordType -value "BSPCreation" -context "sdk\\\\bsp/1731869283603"
# webtalk_add_data -client sdk -key uid -value "1731869286070" -context "sdk\\\\application/1731869286070"
# webtalk_add_data -client sdk -key hwid -value "1731869117786" -context "sdk\\\\application/1731869286070"
# webtalk_add_data -client sdk -key bspid -value "1731869283603" -context "sdk\\\\application/1731869286070"
# webtalk_add_data -client sdk -key newbsp -value "true" -context "sdk\\\\application/1731869286070"
# webtalk_add_data -client sdk -key os -value "standalone" -context "sdk\\\\application/1731869286070"
# webtalk_add_data -client sdk -key apptemplate -value "empty_application" -context "sdk\\\\application/1731869286070"
# webtalk_add_data -client sdk -key RecordType -value "APPCreation" -context "sdk\\\\application/1731869286070"
# webtalk_add_data -client sdk -key LangUsed -value "C" -context "sdk\\\\application/1731869286070"
# webtalk_add_data -client sdk -key Procused -value "ps7_cortexa9" -context "sdk\\\\application/1731869286070"
# webtalk_add_data -client sdk -key projSize -value "484.15234375" -context "sdk\\\\application/1731869286070"
# webtalk_add_data -client sdk -key uid -value "NA" -context "sdk\\\\bsp/1731871444915"
# webtalk_add_data -client sdk -key RecordType -value "ToolUsage" -context "sdk\\\\bsp/1731871444915"
# webtalk_add_data -client sdk -key BootgenCount -value "0" -context "sdk\\\\bsp/1731871444915"
# webtalk_add_data -client sdk -key DebugCount -value "1" -context "sdk\\\\bsp/1731871444915"
# webtalk_add_data -client sdk -key PerfCount -value "0" -context "sdk\\\\bsp/1731871444915"
# webtalk_add_data -client sdk -key FlashCount -value "0" -context "sdk\\\\bsp/1731871444915"
# webtalk_add_data -client sdk -key CrossTriggCount -value "0" -context "sdk\\\\bsp/1731871444915"
# webtalk_add_data -client sdk -key QemuDebugCount -value "0" -context "sdk\\\\bsp/1731871444915"
# webtalk_transmit -clientid 262518160 -regid "" -xml V:\\viv_wd\\Edge_d_IPS\\Edge_d_IPS.sdk\\webtalk\\usage_statistics_ext_sdk.xml -html V:\\viv_wd\\Edge_d_IPS\\Edge_d_IPS.sdk\\webtalk\\usage_statistics_ext_sdk.html -wdm V:\\viv_wd\\Edge_d_IPS\\Edge_d_IPS.sdk\\webtalk\\sdk_webtalk.wdm -intro "<H3>SDK Usage Report</H3><BR>"
# webtalk_terminate
INFO: [Common 17-206] Exiting Webtalk at Mon Nov 18 00:54:07 2024...
